
> tourneylinks-web@0.1.0 dev
> next dev

▲ Next.js 16.1.6 (Turbopack)
- Local:         http://localhost:3000
- Network:       http://192.168.4.38:3000
- Environments: .env.local

✓ Starting...
⚠ The "middleware" file convention is deprecated. Please use "proxy" instead. Learn more: https://nextjs.org/docs/messages/middleware-to-proxy
✓ Ready in 1034ms
 GET /courses/10619 200 in 3.0s (compile: 1686ms, proxy.ts: 619ms, render: 696ms)
 GET /courses/10619 200 in 555ms (compile: 16ms, proxy.ts: 27ms, render: 512ms)
 GET /courses/10619 200 in 291ms (compile: 13ms, proxy.ts: 18ms, render: 260ms)
 GET /courses/10619 200 in 263ms (compile: 16ms, proxy.ts: 21ms, render: 227ms)
 GET /courses/10619 200 in 258ms (compile: 11ms, proxy.ts: 20ms, render: 227ms)
 GET /courses/10619 200 in 240ms (compile: 45ms, proxy.ts: 6ms, render: 190ms)
 GET /courses/10619 200 in 294ms (compile: 12ms, proxy.ts: 13ms, render: 269ms)
 GET /courses/10619 200 in 228ms (compile: 11ms, proxy.ts: 13ms, render: 205ms)
 GET /courses/10619 200 in 611ms (compile: 118ms, proxy.ts: 9ms, render: 484ms)
 GET /courses 200 in 1028ms (compile: 564ms, proxy.ts: 453ms, render: 11ms)
 GET /api/courses/search?q= 200 in 830ms (compile: 280ms, proxy.ts: 6ms, render: 544ms)
 GET /courses/4 200 in 235ms (compile: 10ms, proxy.ts: 5ms, render: 220ms)
 GET /courses 200 in 448ms (compile: 35ms, proxy.ts: 387ms, render: 26ms)
 GET /api/courses/search?q= 200 in 610ms (compile: 11ms, proxy.ts: 9ms, render: 590ms)
 GET /api/courses/search?q=NY 200 in 715ms (compile: 3ms, proxy.ts: 12ms, render: 700ms)
 GET /api/courses/search?q= 200 in 269ms (compile: 6ms, proxy.ts: 13ms, render: 250ms)
 GET /api/courses/search?q=rochester 200 in 221ms (compile: 4ms, proxy.ts: 11ms, render: 206ms)
 GET /courses/5390 200 in 221ms (compile: 13ms, proxy.ts: 13ms, render: 194ms)
 GET /courses 200 in 34ms (compile: 7ms, proxy.ts: 13ms, render: 15ms)
 GET /api/courses/search?q= 200 in 265ms (compile: 2ms, proxy.ts: 7ms, render: 256ms)
 GET /courses/4 200 in 181ms (compile: 11ms, proxy.ts: 12ms, render: 158ms)
 GET /api/courses/search?q= 200 in 292ms (compile: 6ms, proxy.ts: 18ms, render: 269ms)
 GET /api/courses/search?q=rocheste 200 in 217ms (compile: 4ms, proxy.ts: 12ms, render: 202ms)
 GET /api/courses/search?q=rochester 200 in 213ms (compile: 3ms, proxy.ts: 12ms, render: 198ms)
 GET /courses/6455 200 in 195ms (compile: 11ms, proxy.ts: 12ms, render: 172ms)
 GET /api/courses/search?q= 200 in 270ms (compile: 2ms, proxy.ts: 10ms, render: 258ms)
 GET /api/courses/search?q=rochesteer 200 in 215ms (compile: 4ms, proxy.ts: 9ms, render: 203ms)
 GET /api/courses/search?q=rochester 200 in 231ms (compile: 3ms, proxy.ts: 12ms, render: 216ms)
 GET /courses/10989 200 in 182ms (compile: 12ms, proxy.ts: 13ms, render: 157ms)
✓ Compiled in 112ms
 GET /courses 200 in 844ms (compile: 277ms, proxy.ts: 520ms, render: 47ms)
 GET /api/courses/search?q= 200 in 970ms (compile: 219ms, proxy.ts: 10ms, render: 741ms)
 GET /api/courses/search?q=NY 200 in 519ms (compile: 6ms, proxy.ts: 23ms, render: 490ms)
 GET /api/courses/search?q=N 200 in 371ms (compile: 4ms, proxy.ts: 68ms, render: 299ms)
 GET /api/courses/search?q=NY 200 in 160ms (compile: 3ms, proxy.ts: 8ms, render: 150ms)
 GET /api/courses/search?q= 200 in 297ms (compile: 4ms, proxy.ts: 15ms, render: 278ms)
 GET /api/courses/search?q=NY 200 in 222ms (compile: 1720µs, proxy.ts: 6ms, render: 214ms)
 GET /api/courses/search?q=N 200 in 257ms (compile: 4ms, proxy.ts: 13ms, render: 240ms)
 GET /api/courses/search?q=New%20York 200 in 263ms (compile: 4ms, proxy.ts: 15ms, render: 244ms)
 GET /courses/11185 200 in 1250ms (compile: 76ms, proxy.ts: 509ms, render: 665ms)
 GET / 200 in 3.0s (compile: 1208ms, proxy.ts: 519ms, render: 1231ms)
 POST /api/webhooks/continu/acme 404 in 1470ms (compile: 1274ms, proxy.ts: 93ms, render: 102ms)
✓ Compiled in 215ms
⨯ Error: Event handlers cannot be passed to Client Component props.
  <a href=... className=... style={{...}} onMouseEnter={function onMouseEnter} onMouseLeave=... children=...>
                                                       ^^^^^^^^^^^^^^^^^^^^^^^
If you need interactivity, consider converting part of this to a Client Component.
    at stringify (<anonymous>) {
  digest: '4162076253'
}
⨯ Error: Event handlers cannot be passed to Client Component props.
  <a href=... className=... style={{...}} onMouseEnter=... onMouseLeave={function onMouseLeave} children=...>
                                                                        ^^^^^^^^^^^^^^^^^^^^^^^
If you need interactivity, consider converting part of this to a Client Component.
    at stringify (<anonymous>) {
  digest: '594344125'
}
 GET /courses/11185 200 in 1417ms (compile: 153ms, proxy.ts: 478ms, render: 787ms)
[?25h
